Flow report for elevator
Fri Sep 28 12:20:49 2018
Quartus II Version 9.1 Build 222 10/21/2009 SJ Web Edition


---------------------
; Table of Contents ;
---------------------
  1. Legal Notice
  2. Flow Summary
  3. Flow Settings
  4. Flow Non-Default Global Settings
  5. Flow Elapsed Time
  6. Flow OS Summary
  7. Flow Log



----------------
; Legal Notice ;
----------------
Copyright (C) 1991-2009 Altera Corporation
Your use of Altera Corporation's design tools, logic functions 
and other software and tools, and its AMPP partner logic 
functions, and any output files from any of the foregoing 
(including device programming or simulation files), and any 
associated documentation or information are expressly subject 
to the terms and conditions of the Altera Program License 
Subscription Agreement, Altera MegaCore Function License 
Agreement, or other applicable license agreement, including, 
without limitation, that your use is for the sole purpose of 
programming logic devices manufactured by Altera and sold by 
Altera or its authorized distributors.  Please refer to the 
applicable agreement for further details.



+-------------------------------------------------------------------+
; Flow Summary                                                      ;
+-------------------------+-----------------------------------------+
; Flow Status             ; Successful - Fri Sep 28 12:20:49 2018   ;
; Quartus II Version      ; 9.1 Build 222 10/21/2009 SJ Web Edition ;
; Revision Name           ; elevator                                ;
; Top-level Entity Name   ; counter                                 ;
; Family                  ; MAX7000S                                ;
; Device                  ; EPM7064SLC44-10                         ;
; Timing Models           ; Final                                   ;
; Met timing requirements ; Yes                                     ;
; Total macrocells        ; 3 / 64 ( 5 % )                          ;
; Total pins              ; 10 / 36 ( 28 % )                        ;
+-------------------------+-----------------------------------------+


+-----------------------------------------+
; Flow Settings                           ;
+-------------------+---------------------+
; Option            ; Setting             ;
+-------------------+---------------------+
; Start date & time ; 09/28/2018 12:20:35 ;
; Main task         ; Compilation         ;
; Revision Name     ; elevator            ;
+-------------------+---------------------+


+-------------------------------------------------------------------------------------------------------------------+
; Flow Non-Default Global Settings                                                                                  ;
+------------------------------------+-------------------------------+---------------+-------------+----------------+
; Assignment Name                    ; Value                         ; Default Value ; Entity Name ; Section Id     ;
+------------------------------------+-------------------------------+---------------+-------------+----------------+
; COMPILER_SIGNATURE_ID              ; 8796761848656.153813003400616 ; --            ; --          ; --             ;
; EDA_OUTPUT_DATA_FORMAT             ; Vhdl                          ; --            ; --          ; eda_simulation ;
; EDA_SIMULATION_TOOL                ; ModelSim-Altera (VHDL)        ; <None>        ; --          ; --             ;
; MAX_CORE_JUNCTION_TEMP             ; 85                            ; --            ; --          ; --             ;
; MIN_CORE_JUNCTION_TEMP             ; 0                             ; --            ; --          ; --             ;
; TOP_LEVEL_ENTITY                   ; counter                       ; elevator      ; --          ; --             ;
; USE_GENERATED_PHYSICAL_CONSTRAINTS ; Off                           ; --            ; --          ; eda_blast_fpga ;
+------------------------------------+-------------------------------+---------------+-------------+----------------+


+-----------------------------------------------------------------------------------------------------------------------------+
; Flow Elapsed Time                                                                                                           ;
+-------------------------+--------------+-------------------------+---------------------+------------------------------------+
; Module Name             ; Elapsed Time ; Average Processors Used ; Peak Virtual Memory ; Total CPU Time (on all processors) ;
+-------------------------+--------------+-------------------------+---------------------+------------------------------------+
; Analysis & Synthesis    ; 00:00:03     ; 1.0                     ; 178 MB              ; 00:00:02                           ;
; Fitter                  ; 00:00:00     ; 1.0                     ; 122 MB              ; 00:00:00                           ;
; Assembler               ; 00:00:01     ; 1.0                     ; 138 MB              ; 00:00:01                           ;
; Classic Timing Analyzer ; 00:00:01     ; 1.0                     ; 109 MB              ; 00:00:00                           ;
; EDA Netlist Writer      ; 00:00:01     ; 1.0                     ; 119 MB              ; 00:00:01                           ;
; Total                   ; 00:00:06     ; --                      ; --                  ; 00:00:04                           ;
+-------------------------+--------------+-------------------------+---------------------+------------------------------------+


+---------------------------------------------------------------------------------------+
; Flow OS Summary                                                                       ;
+-------------------------+------------------+------------+------------+----------------+
; Module Name             ; Machine Hostname ; OS Name    ; OS Version ; Processor type ;
+-------------------------+------------------+------------+------------+----------------+
; Analysis & Synthesis    ; quartus-ii       ; Windows XP ; 5.1        ; i686           ;
; Fitter                  ; quartus-ii       ; Windows XP ; 5.1        ; i686           ;
; Assembler               ; quartus-ii       ; Windows XP ; 5.1        ; i686           ;
; Classic Timing Analyzer ; quartus-ii       ; Windows XP ; 5.1        ; i686           ;
; EDA Netlist Writer      ; quartus-ii       ; Windows XP ; 5.1        ; i686           ;
+-------------------------+------------------+------------+------------+----------------+


------------
; Flow Log ;
------------
quartus_map --read_settings_files=on --write_settings_files=off elevator -c elevator
quartus_fit --read_settings_files=off --write_settings_files=off elevator -c elevator
quartus_asm --read_settings_files=off --write_settings_files=off elevator -c elevator
quartus_tan --read_settings_files=off --write_settings_files=off elevator -c elevator
quartus_eda --read_settings_files=off --write_settings_files=off elevator -c elevator



